Replace Part ANT1 0900AT43A0070E in C:\Users\rwang\Documents\GitHub\voltage_sensor_PCB\[1]MCU.SchDoc with 0900AT43A0070E from Schlib_For_High_Voltage_Sensor.SchLib
Update Managed Component C1 From CMP-001-00017-4[Capacitor 10uF +/-10% 50 V 0603] To CMP-001-00017-4[Capacitor 100 nF +/-10% 50 V 0603] in [1]MCU.SchDoc
Update Managed Component C2 From CMP-001-00017-4[Capacitor 100 nF +/-10% 50 V 0603] To CMP-001-00017-4[Capacitor 100 nF +/-10% 50 V 0603] in [1]MCU.SchDoc
Update Managed Component C3 From CMP-001-00017-4[Capacitor 100 nF +/-10% 50 V 0603] To CMP-001-00017-4[Capacitor 100 nF +/-10% 50 V 0603] in [1]MCU.SchDoc
Update Managed Component C4 From CMP-001-00017-4[Capacitor 10uF +/-10% 50 V 0603] To CMP-001-00017-4[Capacitor 100 nF +/-10% 50 V 0603] in [1]MCU.SchDoc
Update Managed Component C5 From CMP-001-00017-4[Capacitor 10uF +/-10% 50 V 0603] To CMP-001-00017-4[Capacitor 100 nF +/-10% 50 V 0603] in [1]MCU.SchDoc
Update Managed Component C6 From CMP-001-00005-4[Capacitor 1 uF +/- 10% 25 V 0603] To CMP-001-00005-4[Capacitor 1 uF +/- 10% 25 V 0603] in [1]MCU.SchDoc
Update Managed Component C7 From CMP-001-00017-4[Capacitor 100 nF +/-10% 50 V 0603] To CMP-001-00017-4[Capacitor 100 nF +/-10% 50 V 0603] in [1]MCU.SchDoc
Update Managed Component C8 From CMP-001-00017-4[10nF] To CMP-001-00017-4[Capacitor 100 nF +/-10% 50 V 0603] in [1]MCU.SchDoc
Update Managed Component C9 From CMP-001-00005-4[Capacitor 1 uF +/- 10% 25 V 0603] To CMP-001-00005-4[Capacitor 1 uF +/- 10% 25 V 0603] in [1]MCU.SchDoc
Replace Part CONN1 U.FL-R-SMT-1 in C:\Users\rwang\Documents\GitHub\voltage_sensor_PCB\[1]MCU.SchDoc with U.FL-R-SMT-1 from Schlib_For_High_Voltage_Sensor.SchLib
Replace Part D4 LED BLUE CLEAR 1608 SMD in C:\Users\rwang\Documents\GitHub\voltage_sensor_PCB\[1]MCU.SchDoc with LED BLUE CLEAR 1608 SMD from MasterLib.SchLib
Replace Part FB1 Ferrite Bead in C:\Users\rwang\Documents\GitHub\voltage_sensor_PCB\[1]MCU.SchDoc with Ferrite Bead from MasterLib.SchLib
Replace Part FB2 Ferrite Bead in C:\Users\rwang\Documents\GitHub\voltage_sensor_PCB\[1]MCU.SchDoc with Ferrite Bead from MasterLib.SchLib
Replace Part FB3 Ferrite Bead in C:\Users\rwang\Documents\GitHub\voltage_sensor_PCB\[1]MCU.SchDoc with Ferrite Bead from MasterLib.SchLib
Replace Part FB5 Ferrite Bead in C:\Users\rwang\Documents\GitHub\voltage_sensor_PCB\[1]MCU.SchDoc with Ferrite Bead from MasterLib.SchLib
Replace Part FB6 Ferrite Bead in C:\Users\rwang\Documents\GitHub\voltage_sensor_PCB\[1]MCU.SchDoc with Ferrite Bead from MasterLib.SchLib
Replace Part FB7 Ferrite Bead in C:\Users\rwang\Documents\GitHub\voltage_sensor_PCB\[1]MCU.SchDoc with Ferrite Bead from MasterLib.SchLib
Replace Part FB8 Ferrite Bead in C:\Users\rwang\Documents\GitHub\voltage_sensor_PCB\[1]MCU.SchDoc with Ferrite Bead from MasterLib.SchLib
Replace Part R3 RES 0 Ohm [0603] in C:\Users\rwang\Documents\GitHub\voltage_sensor_PCB\[1]MCU.SchDoc with RES 0 Ohm [0603] from Schlib_For_High_Voltage_Sensor.SchLib
Replace Part U1 TYPEABZ in C:\Users\rwang\Documents\GitHub\voltage_sensor_PCB\[1]MCU.SchDoc with TYPEABZ from Schlib_For_High_Voltage_Sensor.SchLib
